2018-03-07 15:44:38,157 INFO =*=*=*=*=*=*=*=*=*=*=*=*=*=*=*=*=*=*=*=*=*
2018-03-07 15:44:38,157 INFO =*=*=*=*=*=.      NEW LOG      =*=*=*=*=*
2018-03-07 15:44:38,157 INFO =*=*=*=*=*=*=*=*=*=*=*=*=*=*=*=*=*=*=*=*=*
2018-03-07 15:46:47,860 INFO =*=*=*=*=*=*=*=*=*=*=*=*=*=*=*=*=*=*=*=*=*
2018-03-07 15:46:47,860 INFO =*=*=*=*=*=.      NEW LOG      =*=*=*=*=*
2018-03-07 15:46:47,860 INFO =*=*=*=*=*=*=*=*=*=*=*=*=*=*=*=*=*=*=*=*=*
2018-03-07 15:52:39,772 INFO =*=*=*=*=*=*=*=*=*=*=*=*=*=*=*=*=*=*=*=*=*
2018-03-07 15:52:39,772 INFO =*=*=*=*=*=.      NEW LOG      =*=*=*=*=*
2018-03-07 15:52:39,772 INFO =*=*=*=*=*=*=*=*=*=*=*=*=*=*=*=*=*=*=*=*=*
2018-03-07 15:54:15,422 INFO =*=*=*=*=*=*=*=*=*=*=*=*=*=*=*=*=*=*=*=*=*
2018-03-07 15:54:15,422 INFO =*=*=*=*=*=.      NEW LOG      =*=*=*=*=*
2018-03-07 15:54:15,422 INFO =*=*=*=*=*=*=*=*=*=*=*=*=*=*=*=*=*=*=*=*=*
2018-03-07 15:54:23,751 INFO =*=*=*=*=*=*=*=*=*=*=*=*=*=*=*=*=*=*=*=*=*
2018-03-07 15:54:23,751 INFO =*=*=*=*=*=.      NEW LOG      =*=*=*=*=*
2018-03-07 15:54:23,752 INFO =*=*=*=*=*=*=*=*=*=*=*=*=*=*=*=*=*=*=*=*=*
2018-03-07 15:55:18,668 INFO =*=*=*=*=*=*=*=*=*=*=*=*=*=*=*=*=*=*=*=*=*
2018-03-07 15:55:18,668 INFO =*=*=*=*=*=.      NEW LOG      =*=*=*=*=*
2018-03-07 15:55:18,668 INFO =*=*=*=*=*=*=*=*=*=*=*=*=*=*=*=*=*=*=*=*=*
2018-03-07 15:55:31,841 INFO =*=*=*=*=*=*=*=*=*=*=*=*=*=*=*=*=*=*=*=*=*
2018-03-07 15:55:31,841 INFO =*=*=*=*=*=.      NEW LOG      =*=*=*=*=*
2018-03-07 15:55:31,841 INFO =*=*=*=*=*=*=*=*=*=*=*=*=*=*=*=*=*=*=*=*=*
2018-03-07 15:56:25,649 INFO =*=*=*=*=*=*=*=*=*=*=*=*=*=*=*=*=*=*=*=*=*
2018-03-07 15:56:25,650 INFO =*=*=*=*=*=.      NEW LOG      =*=*=*=*=*
2018-03-07 15:56:25,650 INFO =*=*=*=*=*=*=*=*=*=*=*=*=*=*=*=*=*=*=*=*=*
2018-03-07 15:56:28,871 INFO =*=*=*=*=*=*=*=*=*=*=*=*=*=*=*=*=*=*=*=*=*
2018-03-07 15:56:28,871 INFO =*=*=*=*=*=.      NEW LOG      =*=*=*=*=*
2018-03-07 15:56:28,871 INFO =*=*=*=*=*=*=*=*=*=*=*=*=*=*=*=*=*=*=*=*=*
2018-03-07 15:56:38,845 INFO =*=*=*=*=*=*=*=*=*=*=*=*=*=*=*=*=*=*=*=*=*
2018-03-07 15:56:38,845 INFO =*=*=*=*=*=.      NEW LOG      =*=*=*=*=*
2018-03-07 15:56:38,845 INFO =*=*=*=*=*=*=*=*=*=*=*=*=*=*=*=*=*=*=*=*=*
2018-03-07 15:56:48,747 INFO BEST PLAYER VERSION: 0
2018-03-07 15:56:48,751 INFO ====================
2018-03-07 15:56:48,751 INFO EPISODE 1 OF 25
2018-03-07 15:56:48,751 INFO ====================
2018-03-07 15:56:48,752 INFO best_player plays as X
2018-03-07 15:56:48,752 INFO ['-', '-', '-', '-', '-', '-', '-']
2018-03-07 15:56:48,752 INFO ['-', '-', '-', '-', '-', '-', '-']
2018-03-07 15:56:48,752 INFO ['-', '-', '-', '-', '-', '-', '-']
2018-03-07 15:56:48,753 INFO ['-', '-', '-', '-', '-', '-', '-']
2018-03-07 15:56:48,753 INFO ['-', '-', '-', '-', '-', '-', '-']
2018-03-07 15:56:48,753 INFO ['-', '-', '-', '-', '-', '-', '-']
2018-03-07 15:56:48,753 INFO --------------
2018-03-07 15:57:01,700 INFO =*=*=*=*=*=*=*=*=*=*=*=*=*=*=*=*=*=*=*=*=*
2018-03-07 15:57:01,700 INFO =*=*=*=*=*=.      NEW LOG      =*=*=*=*=*
2018-03-07 15:57:01,700 INFO =*=*=*=*=*=*=*=*=*=*=*=*=*=*=*=*=*=*=*=*=*
2018-03-07 15:57:11,223 INFO BEST PLAYER VERSION: 0
2018-03-07 15:57:11,224 INFO ====================
2018-03-07 15:57:11,224 INFO EPISODE 1 OF 25
2018-03-07 15:57:11,224 INFO ====================
2018-03-07 15:57:11,225 INFO best_player plays as X
2018-03-07 15:57:11,225 INFO --------------
2018-03-07 15:57:11,226 INFO ['-', '-', '-', '-', '-', '-', '-']
2018-03-07 15:57:11,226 INFO ['-', '-', '-', '-', '-', '-', '-']
2018-03-07 15:57:11,226 INFO ['-', '-', '-', '-', '-', '-', '-']
2018-03-07 15:57:11,226 INFO ['-', '-', '-', '-', '-', '-', '-']
2018-03-07 15:57:11,226 INFO ['-', '-', '-', '-', '-', '-', '-']
2018-03-07 15:57:11,226 INFO ['-', '-', '-', '-', '-', '-', '-']
2018-03-07 15:57:11,227 INFO --------------
2018-03-07 15:57:12,311 INFO action: 39
2018-03-07 15:57:12,312 INFO ['----', '----', '----', '----', '----', '----', '----']
2018-03-07 15:57:12,312 INFO ['----', '----', '----', '----', '----', '----', '----']
2018-03-07 15:57:12,312 INFO ['----', '----', '----', '----', '----', '----', '----']
2018-03-07 15:57:12,312 INFO ['----', '----', '----', '----', '----', '----', '----']
2018-03-07 15:57:12,312 INFO ['----', '----', '----', '----', '----', '----', '----']
2018-03-07 15:57:12,312 INFO ['0.12', '0.14', '0.16', '0.12', '0.16', '0.14', '0.14']
2018-03-07 15:57:12,313 INFO MCTS perceived value for X: 0.030000
2018-03-07 15:57:12,313 INFO NN perceived value for X: 0.010000
2018-03-07 15:57:12,313 INFO ====================
2018-03-07 15:57:12,313 INFO ['-', '-', '-', '-', '-', '-', '-']
2018-03-07 15:57:12,313 INFO ['-', '-', '-', '-', '-', '-', '-']
2018-03-07 15:57:12,313 INFO ['-', '-', '-', '-', '-', '-', '-']
2018-03-07 15:57:12,313 INFO ['-', '-', '-', '-', '-', '-', '-']
2018-03-07 15:57:12,314 INFO ['-', '-', '-', '-', '-', '-', '-']
2018-03-07 15:57:12,314 INFO ['-', '-', '-', '-', 'X', '-', '-']
2018-03-07 15:57:12,314 INFO --------------
2018-03-07 15:57:13,001 INFO action: 41
2018-03-07 15:57:13,001 INFO ['----', '----', '----', '----', '----', '----', '----']
2018-03-07 15:57:13,001 INFO ['----', '----', '----', '----', '----', '----', '----']
2018-03-07 15:57:13,001 INFO ['----', '----', '----', '----', '----', '----', '----']
2018-03-07 15:57:13,001 INFO ['----', '----', '----', '----', '----', '----', '----']
2018-03-07 15:57:13,001 INFO ['----', '----', '----', '----', '0.12', '----', '----']
2018-03-07 15:57:13,001 INFO ['0.16', '0.14', '0.18', '0.12', '----', '0.14', '0.14']
2018-03-07 15:57:13,001 INFO MCTS perceived value for O: 0.000000
2018-03-07 15:57:13,001 INFO NN perceived value for O: -0.020000
2018-03-07 15:57:13,002 INFO ====================
2018-03-07 15:57:13,002 INFO ['-', '-', '-', '-', '-', '-', '-']
2018-03-07 15:57:13,002 INFO ['-', '-', '-', '-', '-', '-', '-']
2018-03-07 15:57:13,002 INFO ['-', '-', '-', '-', '-', '-', '-']
2018-03-07 15:57:13,002 INFO ['-', '-', '-', '-', '-', '-', '-']
2018-03-07 15:57:13,002 INFO ['-', '-', '-', '-', '-', '-', '-']
2018-03-07 15:57:13,002 INFO ['-', '-', '-', '-', 'X', '-', 'O']
2018-03-07 15:57:13,002 INFO --------------
2018-03-07 15:57:13,697 INFO action: 35
2018-03-07 15:57:13,697 INFO ['----', '----', '----', '----', '----', '----', '----']
2018-03-07 15:57:13,697 INFO ['----', '----', '----', '----', '----', '----', '----']
2018-03-07 15:57:13,697 INFO ['----', '----', '----', '----', '----', '----', '----']
2018-03-07 15:57:13,697 INFO ['----', '----', '----', '----', '----', '----', '----']
2018-03-07 15:57:13,697 INFO ['----', '----', '----', '----', '0.18', '----', '0.11']
2018-03-07 15:57:13,698 INFO ['0.11', '0.14', '0.18', '0.14', '----', '0.16', '----']
2018-03-07 15:57:13,698 INFO MCTS perceived value for X: 0.030000
2018-03-07 15:57:13,698 INFO NN perceived value for X: -0.000000
2018-03-07 15:57:13,698 INFO ====================
2018-03-07 15:57:13,698 INFO ['-', '-', '-', '-', '-', '-', '-']
2018-03-07 15:57:13,698 INFO ['-', '-', '-', '-', '-', '-', '-']
2018-03-07 15:57:13,698 INFO ['-', '-', '-', '-', '-', '-', '-']
2018-03-07 15:57:13,699 INFO ['-', '-', '-', '-', '-', '-', '-']
2018-03-07 15:57:13,699 INFO ['-', '-', '-', '-', '-', '-', '-']
2018-03-07 15:57:13,699 INFO ['X', '-', '-', '-', 'X', '-', 'O']
2018-03-07 15:57:13,699 INFO --------------
2018-03-07 15:57:14,387 INFO action: 34
2018-03-07 15:57:14,387 INFO ['----', '----', '----', '----', '----', '----', '----']
2018-03-07 15:57:14,387 INFO ['----', '----', '----', '----', '----', '----', '----']
2018-03-07 15:57:14,387 INFO ['----', '----', '----', '----', '----', '----', '----']
2018-03-07 15:57:14,387 INFO ['----', '----', '----', '----', '----', '----', '----']
2018-03-07 15:57:14,387 INFO ['0.13', '----', '----', '----', '0.15', '----', '0.11']
2018-03-07 15:57:14,387 INFO ['----', '0.15', '0.20', '0.13', '----', '0.15', '----']
2018-03-07 15:57:14,387 INFO MCTS perceived value for O: -0.030000
2018-03-07 15:57:14,387 INFO NN perceived value for O: -0.080000
2018-03-07 15:57:14,387 INFO ====================
2018-03-07 15:57:14,388 INFO ['-', '-', '-', '-', '-', '-', '-']
2018-03-07 15:57:14,388 INFO ['-', '-', '-', '-', '-', '-', '-']
2018-03-07 15:57:14,388 INFO ['-', '-', '-', '-', '-', '-', '-']
2018-03-07 15:57:14,388 INFO ['-', '-', '-', '-', '-', '-', '-']
2018-03-07 15:57:14,388 INFO ['-', '-', '-', '-', '-', '-', 'O']
2018-03-07 15:57:14,388 INFO ['X', '-', '-', '-', 'X', '-', 'O']
2018-03-07 15:57:14,388 INFO --------------
2018-03-07 15:57:15,081 INFO action: 27
2018-03-07 15:57:15,081 INFO ['----', '----', '----', '----', '----', '----', '----']
2018-03-07 15:57:15,081 INFO ['----', '----', '----', '----', '----', '----', '----']
2018-03-07 15:57:15,081 INFO ['----', '----', '----', '----', '----', '----', '----']
2018-03-07 15:57:15,081 INFO ['----', '----', '----', '----', '----', '----', '0.15']
2018-03-07 15:57:15,082 INFO ['0.13', '----', '----', '----', '0.16', '----', '----']
2018-03-07 15:57:15,082 INFO ['----', '0.15', '0.16', '0.09', '----', '0.16', '----']
2018-03-07 15:57:15,082 INFO MCTS perceived value for X: 0.050000
2018-03-07 15:57:15,082 INFO NN perceived value for X: 0.040000
2018-03-07 15:57:15,082 INFO ====================
2018-03-07 15:57:15,082 INFO ['-', '-', '-', '-', '-', '-', '-']
2018-03-07 15:57:15,082 INFO ['-', '-', '-', '-', '-', '-', '-']
2018-03-07 15:57:15,083 INFO ['-', '-', '-', '-', '-', '-', '-']
2018-03-07 15:57:15,083 INFO ['-', '-', '-', '-', '-', '-', 'X']
2018-03-07 15:57:15,083 INFO ['-', '-', '-', '-', '-', '-', 'O']
2018-03-07 15:57:15,083 INFO ['X', '-', '-', '-', 'X', '-', 'O']
2018-03-07 15:57:15,083 INFO --------------
2018-03-07 15:57:15,778 INFO action: 40
2018-03-07 15:57:15,778 INFO ['----', '----', '----', '----', '----', '----', '----']
2018-03-07 15:57:15,778 INFO ['----', '----', '----', '----', '----', '----', '----']
2018-03-07 15:57:15,778 INFO ['----', '----', '----', '----', '----', '----', '0.16']
2018-03-07 15:57:15,778 INFO ['----', '----', '----', '----', '----', '----', '----']
2018-03-07 15:57:15,778 INFO ['0.12', '----', '----', '----', '0.12', '----', '----']
2018-03-07 15:57:15,778 INFO ['----', '0.14', '0.19', '0.12', '----', '0.14', '----']
2018-03-07 15:57:15,779 INFO MCTS perceived value for O: -0.020000
2018-03-07 15:57:15,779 INFO NN perceived value for O: -0.090000
2018-03-07 15:57:15,779 INFO ====================
2018-03-07 15:57:15,779 INFO ['-', '-', '-', '-', '-', '-', '-']
2018-03-07 15:57:15,779 INFO ['-', '-', '-', '-', '-', '-', '-']
2018-03-07 15:57:15,779 INFO ['-', '-', '-', '-', '-', '-', '-']
2018-03-07 15:57:15,779 INFO ['-', '-', '-', '-', '-', '-', 'X']
2018-03-07 15:57:15,779 INFO ['-', '-', '-', '-', '-', '-', 'O']
2018-03-07 15:57:15,780 INFO ['X', '-', '-', '-', 'X', 'O', 'O']
2018-03-07 15:57:15,780 INFO --------------
2018-03-07 15:57:16,466 INFO action: 38
2018-03-07 15:57:16,466 INFO ['----', '----', '----', '----', '----', '----', '----']
2018-03-07 15:57:16,466 INFO ['----', '----', '----', '----', '----', '----', '----']
2018-03-07 15:57:16,466 INFO ['----', '----', '----', '----', '----', '----', '0.16']
2018-03-07 15:57:16,466 INFO ['----', '----', '----', '----', '----', '----', '----']
2018-03-07 15:57:16,466 INFO ['0.14', '----', '----', '----', '0.16', '0.11', '----']
2018-03-07 15:57:16,466 INFO ['----', '0.12', '0.19', '0.12', '----', '----', '----']
2018-03-07 15:57:16,466 INFO MCTS perceived value for X: 0.050000
2018-03-07 15:57:16,466 INFO NN perceived value for X: 0.000000
2018-03-07 15:57:16,466 INFO ====================
2018-03-07 15:57:16,467 INFO ['-', '-', '-', '-', '-', '-', '-']
2018-03-07 15:57:16,467 INFO ['-', '-', '-', '-', '-', '-', '-']
2018-03-07 15:57:16,467 INFO ['-', '-', '-', '-', '-', '-', '-']
2018-03-07 15:57:16,467 INFO ['-', '-', '-', '-', '-', '-', 'X']
2018-03-07 15:57:16,467 INFO ['-', '-', '-', '-', '-', '-', 'O']
2018-03-07 15:57:16,467 INFO ['X', '-', '-', 'X', 'X', 'O', 'O']
2018-03-07 15:57:16,467 INFO --------------
2018-03-07 15:57:17,157 INFO action: 33
2018-03-07 15:57:17,157 INFO ['----', '----', '----', '----', '----', '----', '----']
2018-03-07 15:57:17,157 INFO ['----', '----', '----', '----', '----', '----', '----']
2018-03-07 15:57:17,157 INFO ['----', '----', '----', '----', '----', '----', '0.16']
2018-03-07 15:57:17,158 INFO ['----', '----', '----', '----', '----', '----', '----']
2018-03-07 15:57:17,158 INFO ['0.12', '----', '----', '0.11', '0.14', '0.14', '----']
2018-03-07 15:57:17,158 INFO ['----', '0.14', '0.18', '----', '----', '----', '----']
2018-03-07 15:57:17,158 INFO MCTS perceived value for O: 0.020000
2018-03-07 15:57:17,158 INFO NN perceived value for O: -0.090000
2018-03-07 15:57:17,158 INFO ====================
2018-03-07 15:57:17,159 INFO ['-', '-', '-', '-', '-', '-', '-']
2018-03-07 15:57:17,159 INFO ['-', '-', '-', '-', '-', '-', '-']
2018-03-07 15:57:17,159 INFO ['-', '-', '-', '-', '-', '-', '-']
2018-03-07 15:57:17,159 INFO ['-', '-', '-', '-', '-', '-', 'X']
2018-03-07 15:57:17,159 INFO ['-', '-', '-', '-', '-', 'O', 'O']
2018-03-07 15:57:17,159 INFO ['X', '-', '-', 'X', 'X', 'O', 'O']
2018-03-07 15:57:17,159 INFO --------------
2018-03-07 15:57:17,844 INFO action: 26
2018-03-07 15:57:17,844 INFO ['----', '----', '----', '----', '----', '----', '----']
2018-03-07 15:57:17,844 INFO ['----', '----', '----', '----', '----', '----', '----']
2018-03-07 15:57:17,844 INFO ['----', '----', '----', '----', '----', '----', '0.16']
2018-03-07 15:57:17,845 INFO ['----', '----', '----', '----', '----', '0.16', '----']
2018-03-07 15:57:17,845 INFO ['0.14', '----', '----', '0.09', '0.14', '----', '----']
2018-03-07 15:57:17,845 INFO ['----', '0.14', '0.18', '----', '----', '----', '----']
2018-03-07 15:57:17,845 INFO MCTS perceived value for X: 0.040000
2018-03-07 15:57:17,845 INFO NN perceived value for X: -0.060000
2018-03-07 15:57:17,845 INFO ====================
2018-03-07 15:57:17,845 INFO ['-', '-', '-', '-', '-', '-', '-']
2018-03-07 15:57:17,845 INFO ['-', '-', '-', '-', '-', '-', '-']
2018-03-07 15:57:17,846 INFO ['-', '-', '-', '-', '-', '-', '-']
2018-03-07 15:57:17,846 INFO ['-', '-', '-', '-', '-', 'X', 'X']
2018-03-07 15:57:17,846 INFO ['-', '-', '-', '-', '-', 'O', 'O']
2018-03-07 15:57:17,846 INFO ['X', '-', '-', 'X', 'X', 'O', 'O']
2018-03-07 15:57:17,846 INFO --------------
2018-03-07 15:57:18,536 INFO action: 37
2018-03-07 15:57:18,537 INFO ['----', '----', '----', '----', '----', '----', '----']
2018-03-07 15:57:18,537 INFO ['----', '----', '----', '----', '----', '----', '----']
2018-03-07 15:57:18,537 INFO ['----', '----', '----', '----', '----', '0.12', '0.17']
2018-03-07 15:57:18,537 INFO ['----', '----', '----', '----', '----', '----', '----']
2018-03-07 15:57:18,537 INFO ['0.14', '----', '----', '0.12', '0.16', '----', '----']
2018-03-07 15:57:18,537 INFO ['----', '0.12', '0.17', '----', '----', '----', '----']
2018-03-07 15:57:18,537 INFO MCTS perceived value for O: 0.030000
2018-03-07 15:57:18,537 INFO NN perceived value for O: 0.000000
2018-03-07 15:57:18,537 INFO ====================
2018-03-07 15:57:18,538 INFO ['-', '-', '-', '-', '-', '-', '-']
2018-03-07 15:57:18,538 INFO ['-', '-', '-', '-', '-', '-', '-']
2018-03-07 15:57:18,538 INFO ['-', '-', '-', '-', '-', '-', '-']
2018-03-07 15:57:18,538 INFO ['-', '-', '-', '-', '-', 'X', 'X']
2018-03-07 15:57:18,538 INFO ['-', '-', '-', '-', '-', 'O', 'O']
2018-03-07 15:57:18,538 INFO ['X', '-', 'O', 'X', 'X', 'O', 'O']
2018-03-07 15:57:18,538 INFO --------------
2018-03-07 15:57:19,228 INFO action: 36
2018-03-07 15:57:19,228 INFO ['----', '----', '----', '----', '----', '----', '----']
2018-03-07 15:57:19,228 INFO ['----', '----', '----', '----', '----', '----', '----']
2018-03-07 15:57:19,228 INFO ['----', '----', '----', '----', '----', '0.15', '0.14']
2018-03-07 15:57:19,228 INFO ['----', '----', '----', '----', '----', '----', '----']
2018-03-07 15:57:19,228 INFO ['0.14', '----', '0.14', '0.12', '0.15', '----', '----']
2018-03-07 15:57:19,228 INFO ['----', '0.17', '----', '----', '----', '----', '----']
2018-03-07 15:57:19,228 INFO MCTS perceived value for X: -0.000000
2018-03-07 15:57:19,228 INFO NN perceived value for X: -0.060000
2018-03-07 15:57:19,228 INFO ====================
2018-03-07 15:57:19,229 INFO ['-', '-', '-', '-', '-', '-', '-']
2018-03-07 15:57:19,229 INFO ['-', '-', '-', '-', '-', '-', '-']
2018-03-07 15:57:19,229 INFO ['-', '-', '-', '-', '-', '-', '-']
2018-03-07 15:57:19,229 INFO ['-', '-', '-', '-', '-', 'X', 'X']
2018-03-07 15:57:19,229 INFO ['-', '-', '-', '-', '-', 'O', 'O']
2018-03-07 15:57:19,229 INFO ['X', 'X', 'O', 'X', 'X', 'O', 'O']
2018-03-07 15:57:19,229 INFO --------------
2018-03-07 15:57:19,915 INFO action: 20
2018-03-07 15:57:19,915 INFO ['----', '----', '----', '----', '----', '----', '----']
2018-03-07 15:57:19,915 INFO ['----', '----', '----', '----', '----', '----', '----']
2018-03-07 15:57:19,915 INFO ['----', '----', '----', '----', '----', '0.12', '0.20']
2018-03-07 15:57:19,915 INFO ['----', '----', '----', '----', '----', '----', '----']
2018-03-07 15:57:19,916 INFO ['0.14', '0.14', '0.17', '0.10', '0.14', '----', '----']
2018-03-07 15:57:19,916 INFO ['----', '----', '----', '----', '----', '----', '----']
2018-03-07 15:57:19,916 INFO MCTS perceived value for O: 0.070000
2018-03-07 15:57:19,916 INFO NN perceived value for O: 0.010000
2018-03-07 15:57:19,916 INFO ====================
2018-03-07 15:57:19,916 INFO ['-', '-', '-', '-', '-', '-', '-']
2018-03-07 15:57:19,916 INFO ['-', '-', '-', '-', '-', '-', '-']
2018-03-07 15:57:19,916 INFO ['-', '-', '-', '-', '-', '-', 'O']
2018-03-07 15:57:19,917 INFO ['-', '-', '-', '-', '-', 'X', 'X']
2018-03-07 15:57:19,917 INFO ['-', '-', '-', '-', '-', 'O', 'O']
2018-03-07 15:57:19,917 INFO ['X', 'X', 'O', 'X', 'X', 'O', 'O']
2018-03-07 15:57:19,917 INFO --------------
2018-03-07 15:57:20,603 INFO action: 13
2018-03-07 15:57:20,603 INFO ['----', '----', '----', '----', '----', '----', '----']
2018-03-07 15:57:20,604 INFO ['----', '----', '----', '----', '----', '----', '0.18']
2018-03-07 15:57:20,604 INFO ['----', '----', '----', '----', '----', '0.16', '----']
2018-03-07 15:57:20,604 INFO ['----', '----', '----', '----', '----', '----', '----']
2018-03-07 15:57:20,604 INFO ['0.10', '0.15', '0.11', '0.15', '0.15', '----', '----']
2018-03-07 15:57:20,604 INFO ['----', '----', '----', '----', '----', '----', '----']
2018-03-07 15:57:20,604 INFO MCTS perceived value for X: 0.010000
2018-03-07 15:57:20,604 INFO NN perceived value for X: -0.090000
2018-03-07 15:57:20,604 INFO ====================
2018-03-07 15:57:20,605 INFO ['-', '-', '-', '-', '-', '-', '-']
2018-03-07 15:57:20,605 INFO ['-', '-', '-', '-', '-', '-', 'X']
2018-03-07 15:57:20,605 INFO ['-', '-', '-', '-', '-', '-', 'O']
2018-03-07 15:57:20,605 INFO ['-', '-', '-', '-', '-', 'X', 'X']
2018-03-07 15:57:20,605 INFO ['-', '-', '-', '-', '-', 'O', 'O']
2018-03-07 15:57:20,605 INFO ['X', 'X', 'O', 'X', 'X', 'O', 'O']
2018-03-07 15:57:20,605 INFO --------------
2018-03-07 15:57:21,540 INFO action: 6
2018-03-07 15:57:21,540 INFO ['----', '----', '----', '----', '----', '----', '0.15']
2018-03-07 15:57:21,540 INFO ['----', '----', '----', '----', '----', '----', '----']
2018-03-07 15:57:21,540 INFO ['----', '----', '----', '----', '----', '0.15', '----']
2018-03-07 15:57:21,540 INFO ['----', '----', '----', '----', '----', '----', '----']
2018-03-07 15:57:21,540 INFO ['0.13', '0.15', '0.15', '0.15', '0.12', '----', '----']
2018-03-07 15:57:21,540 INFO ['----', '----', '----', '----', '----', '----', '----']
2018-03-07 15:57:21,540 INFO MCTS perceived value for O: 0.050000
2018-03-07 15:57:21,540 INFO NN perceived value for O: -0.040000
2018-03-07 15:57:21,540 INFO ====================
2018-03-07 15:57:21,541 INFO ['-', '-', '-', '-', '-', '-', 'O']
2018-03-07 15:57:21,541 INFO ['-', '-', '-', '-', '-', '-', 'X']
2018-03-07 15:57:21,541 INFO ['-', '-', '-', '-', '-', '-', 'O']
2018-03-07 15:57:21,541 INFO ['-', '-', '-', '-', '-', 'X', 'X']
2018-03-07 15:57:21,541 INFO ['-', '-', '-', '-', '-', 'O', 'O']
2018-03-07 15:57:21,541 INFO ['X', 'X', 'O', 'X', 'X', 'O', 'O']
2018-03-07 15:57:21,541 INFO --------------
2018-03-07 15:57:22,223 INFO action: 31
2018-03-07 15:57:22,223 INFO ['----', '----', '----', '----', '----', '----', '----']
2018-03-07 15:57:22,224 INFO ['----', '----', '----', '----', '----', '----', '----']
2018-03-07 15:57:22,224 INFO ['----', '----', '----', '----', '----', '0.17', '----']
2018-03-07 15:57:22,224 INFO ['----', '----', '----', '----', '----', '----', '----']
2018-03-07 15:57:22,224 INFO ['0.17', '0.16', '0.17', '0.17', '0.16', '----', '----']
2018-03-07 15:57:22,224 INFO ['----', '----', '----', '----', '----', '----', '----']
2018-03-07 15:57:22,224 INFO MCTS perceived value for X: -0.030000
2018-03-07 15:57:22,224 INFO NN perceived value for X: -0.100000
2018-03-07 15:57:22,224 INFO ====================
2018-03-07 15:57:22,225 INFO ['-', '-', '-', '-', '-', '-', 'O']
2018-03-07 15:57:22,225 INFO ['-', '-', '-', '-', '-', '-', 'X']
2018-03-07 15:57:22,225 INFO ['-', '-', '-', '-', '-', '-', 'O']
2018-03-07 15:57:22,225 INFO ['-', '-', '-', '-', '-', 'X', 'X']
2018-03-07 15:57:22,225 INFO ['-', '-', '-', 'X', '-', 'O', 'O']
2018-03-07 15:57:22,225 INFO ['X', 'X', 'O', 'X', 'X', 'O', 'O']
2018-03-07 15:57:22,225 INFO --------------
2018-03-07 15:57:22,911 INFO action: 32
2018-03-07 15:57:22,911 INFO ['----', '----', '----', '----', '----', '----', '----']
2018-03-07 15:57:22,911 INFO ['----', '----', '----', '----', '----', '----', '----']
2018-03-07 15:57:22,911 INFO ['----', '----', '----', '----', '----', '0.14', '----']
2018-03-07 15:57:22,912 INFO ['----', '----', '----', '0.17', '----', '----', '----']
2018-03-07 15:57:22,912 INFO ['0.19', '0.15', '0.15', '----', '0.20', '----', '----']
2018-03-07 15:57:22,912 INFO ['----', '----', '----', '----', '----', '----', '----']
2018-03-07 15:57:22,912 INFO MCTS perceived value for O: 0.050000
2018-03-07 15:57:22,912 INFO NN perceived value for O: -0.020000
2018-03-07 15:57:22,912 INFO ====================
2018-03-07 15:57:22,912 INFO ['-', '-', '-', '-', '-', '-', 'O']
2018-03-07 15:57:22,912 INFO ['-', '-', '-', '-', '-', '-', 'X']
2018-03-07 15:57:22,913 INFO ['-', '-', '-', '-', '-', '-', 'O']
2018-03-07 15:57:22,913 INFO ['-', '-', '-', '-', '-', 'X', 'X']
2018-03-07 15:57:22,913 INFO ['-', '-', '-', 'X', 'O', 'O', 'O']
2018-03-07 15:57:22,913 INFO ['X', 'X', 'O', 'X', 'X', 'O', 'O']
2018-03-07 15:57:22,913 INFO --------------
2018-03-07 15:57:23,408 INFO action: 24
2018-03-07 15:57:23,408 INFO ['----', '----', '----', '----', '----', '----', '----']
2018-03-07 15:57:23,408 INFO ['----', '----', '----', '----', '----', '----', '----']
2018-03-07 15:57:23,408 INFO ['----', '----', '----', '----', '----', '0.13', '----']
2018-03-07 15:57:23,408 INFO ['----', '----', '----', '0.46', '0.11', '----', '----']
2018-03-07 15:57:23,408 INFO ['0.11', '0.10', '0.08', '----', '----', '----', '----']
2018-03-07 15:57:23,408 INFO ['----', '----', '----', '----', '----', '----', '----']
2018-03-07 15:57:23,408 INFO MCTS perceived value for X: 0.600000
2018-03-07 15:57:23,408 INFO NN perceived value for X: -0.100000
2018-03-07 15:57:23,408 INFO ====================
2018-03-07 15:57:23,409 INFO ['-', '-', '-', '-', '-', '-', 'O']
2018-03-07 15:57:23,409 INFO ['-', '-', '-', '-', '-', '-', 'X']
2018-03-07 15:57:23,409 INFO ['-', '-', '-', '-', '-', '-', 'O']
2018-03-07 15:57:23,409 INFO ['-', '-', '-', 'X', '-', 'X', 'X']
2018-03-07 15:57:23,409 INFO ['-', '-', '-', 'X', 'O', 'O', 'O']
2018-03-07 15:57:23,409 INFO ['X', 'X', 'O', 'X', 'X', 'O', 'O']
2018-03-07 15:57:23,409 INFO --------------
2018-03-07 15:57:23,519 INFO action: 17
2018-03-07 15:57:23,519 INFO ['----', '----', '----', '----', '----', '----', '----']
2018-03-07 15:57:23,519 INFO ['----', '----', '----', '----', '----', '----', '----']
2018-03-07 15:57:23,519 INFO ['----', '----', '----', '0.23', '----', '0.23', '----']
2018-03-07 15:57:23,519 INFO ['----', '----', '----', '----', '0.13', '----', '----']
2018-03-07 15:57:23,519 INFO ['0.13', '0.14', '0.13', '----', '----', '----', '----']
2018-03-07 15:57:23,519 INFO ['----', '----', '----', '----', '----', '----', '----']
2018-03-07 15:57:23,519 INFO MCTS perceived value for O: -0.830000
2018-03-07 15:57:23,519 INFO NN perceived value for O: -0.010000
2018-03-07 15:57:23,519 INFO ====================
2018-03-07 15:57:23,520 INFO ['-', '-', '-', '-', '-', '-', 'O']
2018-03-07 15:57:23,520 INFO ['-', '-', '-', '-', '-', '-', 'X']
2018-03-07 15:57:23,520 INFO ['-', '-', '-', 'O', '-', '-', 'O']
2018-03-07 15:57:23,520 INFO ['-', '-', '-', 'X', '-', 'X', 'X']
2018-03-07 15:57:23,520 INFO ['-', '-', '-', 'X', 'O', 'O', 'O']
2018-03-07 15:57:23,520 INFO ['X', 'X', 'O', 'X', 'X', 'O', 'O']
2018-03-07 15:57:23,520 INFO --------------
2018-03-07 15:57:23,627 INFO action: 25
2018-03-07 15:57:23,627 INFO ['----', '----', '----', '----', '----', '----', '----']
2018-03-07 15:57:23,627 INFO ['----', '----', '----', '0.01', '----', '----', '----']
2018-03-07 15:57:23,627 INFO ['----', '----', '----', '----', '----', '0.01', '----']
2018-03-07 15:57:23,627 INFO ['----', '----', '----', '----', '0.93', '----', '----']
2018-03-07 15:57:23,627 INFO ['0.01', '0.01', '0.01', '----', '----', '----', '----']
2018-03-07 15:57:23,627 INFO ['----', '----', '----', '----', '----', '----', '----']
2018-03-07 15:57:23,628 INFO MCTS perceived value for X: 1.000000
2018-03-07 15:57:23,628 INFO NN perceived value for X: -0.080000
2018-03-07 15:57:23,628 INFO ====================
2018-03-07 15:57:23,628 INFO ['-', '-', '-', '-', '-', '-', 'O']
2018-03-07 15:57:23,628 INFO ['-', '-', '-', '-', '-', '-', 'X']
2018-03-07 15:57:23,628 INFO ['-', '-', '-', 'O', '-', '-', 'O']
2018-03-07 15:57:23,628 INFO ['-', '-', '-', 'X', 'X', 'X', 'X']
2018-03-07 15:57:23,628 INFO ['-', '-', '-', 'X', 'O', 'O', 'O']
2018-03-07 15:57:23,628 INFO ['X', 'X', 'O', 'X', 'X', 'O', 'O']
2018-03-07 15:57:23,629 INFO --------------
2018-03-07 15:57:23,629 INFO best_player WINS!
2018-03-07 15:57:23,629 INFO ====================
2018-03-07 15:57:23,629 INFO EPISODE 2 OF 25
2018-03-07 15:57:23,629 INFO ====================
2018-03-07 15:57:23,629 INFO best_player plays as X
2018-03-07 15:57:23,630 INFO ['-', '-', '-', '-', '-', '-', '-']
2018-03-07 15:57:23,630 INFO ['-', '-', '-', '-', '-', '-', '-']
2018-03-07 15:57:23,630 INFO ['-', '-', '-', '-', '-', '-', '-']
2018-03-07 15:57:23,630 INFO ['-', '-', '-', '-', '-', '-', '-']
2018-03-07 15:57:23,630 INFO ['-', '-', '-', '-', '-', '-', '-']
2018-03-07 15:57:23,630 INFO ['-', '-', '-', '-', '-', '-', '-']
2018-03-07 15:57:23,630 INFO --------------
2018-03-07 15:57:24,336 INFO action: 37
2018-03-07 15:57:24,336 INFO ['----', '----', '----', '----', '----', '----', '----']
2018-03-07 15:57:24,336 INFO ['----', '----', '----', '----', '----', '----', '----']
2018-03-07 15:57:24,337 INFO ['----', '----', '----', '----', '----', '----', '----']
2018-03-07 15:57:24,337 INFO ['----', '----', '----', '----', '----', '----', '----']
2018-03-07 15:57:24,337 INFO ['----', '----', '----', '----', '----', '----', '----']
2018-03-07 15:57:24,337 INFO ['0.12', '0.14', '0.16', '0.12', '0.12', '0.16', '0.16']
2018-03-07 15:57:24,337 INFO MCTS perceived value for X: 0.030000
2018-03-07 15:57:24,337 INFO NN perceived value for X: 0.010000
2018-03-07 15:57:24,337 INFO ====================
2018-03-07 15:57:24,337 INFO ['-', '-', '-', '-', '-', '-', '-']
2018-03-07 15:57:24,338 INFO ['-', '-', '-', '-', '-', '-', '-']
2018-03-07 15:57:24,338 INFO ['-', '-', '-', '-', '-', '-', '-']
2018-03-07 15:57:24,338 INFO ['-', '-', '-', '-', '-', '-', '-']
2018-03-07 15:57:24,338 INFO ['-', '-', '-', '-', '-', '-', '-']
2018-03-07 15:57:24,338 INFO ['-', '-', 'X', '-', '-', '-', '-']
2018-03-07 15:57:24,338 INFO --------------
2018-03-07 15:57:25,067 INFO action: 39
2018-03-07 15:57:25,067 INFO ['----', '----', '----', '----', '----', '----', '----']
2018-03-07 15:57:25,067 INFO ['----', '----', '----', '----', '----', '----', '----']
2018-03-07 15:57:25,068 INFO ['----', '----', '----', '----', '----', '----', '----']
2018-03-07 15:57:25,068 INFO ['----', '----', '----', '----', '----', '----', '----']
2018-03-07 15:57:25,068 INFO ['----', '----', '0.12', '----', '----', '----', '----']
2018-03-07 15:57:25,068 INFO ['0.14', '0.16', '----', '0.11', '0.12', '0.19', '0.16']
2018-03-07 15:57:25,068 INFO MCTS perceived value for O: 0.000000
2018-03-07 15:57:25,068 INFO NN perceived value for O: 0.010000
2018-03-07 15:57:25,068 INFO ====================
2018-03-07 15:57:25,068 INFO ['-', '-', '-', '-', '-', '-', '-']
2018-03-07 15:57:25,069 INFO ['-', '-', '-', '-', '-', '-', '-']
2018-03-07 15:57:25,069 INFO ['-', '-', '-', '-', '-', '-', '-']
2018-03-07 15:57:25,069 INFO ['-', '-', '-', '-', '-', '-', '-']
2018-03-07 15:57:25,069 INFO ['-', '-', '-', '-', '-', '-', '-']
2018-03-07 15:57:25,069 INFO ['-', '-', 'X', '-', 'O', '-', '-']
2018-03-07 15:57:25,069 INFO --------------
2018-03-07 15:57:25,769 INFO action: 32
2018-03-07 15:57:25,769 INFO ['----', '----', '----', '----', '----', '----', '----']
2018-03-07 15:57:25,769 INFO ['----', '----', '----', '----', '----', '----', '----']
2018-03-07 15:57:25,769 INFO ['----', '----', '----', '----', '----', '----', '----']
2018-03-07 15:57:25,769 INFO ['----', '----', '----', '----', '----', '----', '----']
2018-03-07 15:57:25,769 INFO ['----', '----', '0.14', '----', '0.20', '----', '----']
2018-03-07 15:57:25,769 INFO ['0.14', '0.12', '----', '0.12', '----', '0.14', '0.12']
2018-03-07 15:57:25,769 INFO MCTS perceived value for X: 0.040000
2018-03-07 15:57:25,769 INFO NN perceived value for X: 0.010000
2018-03-07 15:57:25,769 INFO ====================
2018-03-07 15:57:25,770 INFO ['-', '-', '-', '-', '-', '-', '-']
2018-03-07 15:57:25,770 INFO ['-', '-', '-', '-', '-', '-', '-']
2018-03-07 15:57:25,770 INFO ['-', '-', '-', '-', '-', '-', '-']
2018-03-07 15:57:25,770 INFO ['-', '-', '-', '-', '-', '-', '-']
2018-03-07 15:57:25,770 INFO ['-', '-', '-', '-', 'X', '-', '-']
2018-03-07 15:57:25,770 INFO ['-', '-', 'X', '-', 'O', '-', '-']
2018-03-07 15:57:25,770 INFO --------------
2018-03-07 15:57:26,466 INFO action: 30
2018-03-07 15:57:26,466 INFO ['----', '----', '----', '----', '----', '----', '----']
2018-03-07 15:57:26,466 INFO ['----', '----', '----', '----', '----', '----', '----']
2018-03-07 15:57:26,467 INFO ['----', '----', '----', '----', '----', '----', '----']
2018-03-07 15:57:26,467 INFO ['----', '----', '----', '----', '0.13', '----', '----']
2018-03-07 15:57:26,467 INFO ['----', '----', '0.13', '----', '----', '----', '----']
2018-03-07 15:57:26,467 INFO ['0.17', '0.17', '----', '0.13', '----', '0.15', '0.12']
2018-03-07 15:57:26,468 INFO MCTS perceived value for O: -0.010000
2018-03-07 15:57:26,468 INFO NN perceived value for O: -0.080000
2018-03-07 15:57:26,468 INFO ====================
2018-03-07 15:57:26,469 INFO ['-', '-', '-', '-', '-', '-', '-']
2018-03-07 15:57:26,469 INFO ['-', '-', '-', '-', '-', '-', '-']
2018-03-07 15:57:26,469 INFO ['-', '-', '-', '-', '-', '-', '-']
2018-03-07 15:57:26,469 INFO ['-', '-', '-', '-', '-', '-', '-']
2018-03-07 15:57:26,469 INFO ['-', '-', 'O', '-', 'X', '-', '-']
2018-03-07 15:57:26,469 INFO ['-', '-', 'X', '-', 'O', '-', '-']
2018-03-07 15:57:26,469 INFO --------------
2018-03-07 15:57:27,168 INFO action: 40
2018-03-07 15:57:27,168 INFO ['----', '----', '----', '----', '----', '----', '----']
2018-03-07 15:57:27,168 INFO ['----', '----', '----', '----', '----', '----', '----']
2018-03-07 15:57:27,168 INFO ['----', '----', '----', '----', '----', '----', '----']
2018-03-07 15:57:27,168 INFO ['----', '----', '0.12', '----', '0.16', '----', '----']
2018-03-07 15:57:27,168 INFO ['----', '----', '----', '----', '----', '----', '----']
2018-03-07 15:57:27,168 INFO ['0.12', '0.16', '----', '0.12', '----', '0.16', '0.16']
2018-03-07 15:57:27,168 INFO MCTS perceived value for X: 0.080000
2018-03-07 15:57:27,168 INFO NN perceived value for X: -0.020000
2018-03-07 15:57:27,168 INFO ====================
2018-03-07 15:57:27,169 INFO ['-', '-', '-', '-', '-', '-', '-']
2018-03-07 15:57:27,169 INFO ['-', '-', '-', '-', '-', '-', '-']
2018-03-07 15:57:27,169 INFO ['-', '-', '-', '-', '-', '-', '-']
2018-03-07 15:57:27,169 INFO ['-', '-', '-', '-', '-', '-', '-']
2018-03-07 15:57:27,169 INFO ['-', '-', 'O', '-', 'X', '-', '-']
2018-03-07 15:57:27,169 INFO ['-', '-', 'X', '-', 'O', 'X', '-']
2018-03-07 15:57:27,169 INFO --------------
2018-03-07 15:57:27,916 INFO action: 25
2018-03-07 15:57:27,916 INFO ['----', '----', '----', '----', '----', '----', '----']
2018-03-07 15:57:27,916 INFO ['----', '----', '----', '----', '----', '----', '----']
2018-03-07 15:57:27,916 INFO ['----', '----', '----', '----', '----', '----', '----']
2018-03-07 15:57:27,916 INFO ['----', '----', '0.14', '----', '0.12', '----', '----']
2018-03-07 15:57:27,916 INFO ['----', '----', '----', '----', '----', '0.14', '----']
2018-03-07 15:57:27,916 INFO ['0.21', '0.16', '----', '0.12', '----', '----', '0.12']
2018-03-07 15:57:27,916 INFO MCTS perceived value for O: -0.010000
2018-03-07 15:57:27,916 INFO NN perceived value for O: -0.050000
2018-03-07 15:57:27,916 INFO ====================
2018-03-07 15:57:27,917 INFO ['-', '-', '-', '-', '-', '-', '-']
2018-03-07 15:57:27,917 INFO ['-', '-', '-', '-', '-', '-', '-']
2018-03-07 15:57:27,917 INFO ['-', '-', '-', '-', '-', '-', '-']
2018-03-07 15:57:27,917 INFO ['-', '-', '-', '-', 'O', '-', '-']
2018-03-07 15:57:27,917 INFO ['-', '-', 'O', '-', 'X', '-', '-']
2018-03-07 15:57:27,917 INFO ['-', '-', 'X', '-', 'O', 'X', '-']
2018-03-07 15:57:27,917 INFO --------------
